Using pre-set license

 COMMAND LINE ARGUMENTS:
/Applications/Unity/Hub/Editor/2020.3.10f1/Unity.app/Contents/MacOS/Unity
-adb2
-batchMode
-noUpm
-name
AssetImportWorker3
-projectPath
/Volumes/miMAC/Docs/GitHub/2DPlantillaFSM/2D_FSM_2020
-logFile
Logs/AssetImportWorker3.log
-srvPort
52701
Successfully changed project path to: /Volumes/miMAC/Docs/GitHub/2DPlantillaFSM/2D_FSM_2020
/Volumes/miMAC/Docs/GitHub/2DPlantillaFSM/2D_FSM_2020
Using Asset Import Pipeline V2.
Refreshing native plugins compatible for Editor in 392.80 ms, found 3 plugins.
Preloading 0 native plugins for Editor in 0.00 ms.
Initialize engine version: 2020.3.10f1 (297d780c91bc)
[Subsystems] Discovering subsystems at path /Applications/Unity/Hub/Editor/2020.3.10f1/Unity.app/Contents/Resources/UnitySubsystems
[Subsystems] Discovering subsystems at path /Volumes/miMAC/Docs/GitHub/2DPlantillaFSM/2D_FSM_2020/Assets
GfxDevice: creating device client; threaded=0
2021-06-02 12:14:16.561 Unity[4427:370410] Color LCD preferred device: Intel(R) Iris(TM) Plus Graphics 640 (low power)
2021-06-02 12:14:16.561 Unity[4427:370410] Metal devices available: 1
2021-06-02 12:14:16.561 Unity[4427:370410] 0: Intel(R) Iris(TM) Plus Graphics 640 (low power)
2021-06-02 12:14:16.563 Unity[4427:370410] Using device Intel(R) Iris(TM) Plus Graphics 640 (low power)
Initializing Metal device caps: Intel(R) Iris(TM) Plus Graphics 640
Initialize mono
Mono path[0] = '/Applications/Unity/Hub/Editor/2020.3.10f1/Unity.app/Contents/Managed'
Mono path[1] = '/Applications/Unity/Hub/Editor/2020.3.10f1/Unity.app/Contents/MonoBleedingEdge/lib/mono/unityjit'
Mono config path = '/Applications/Unity/Hub/Editor/2020.3.10f1/Unity.app/Contents/MonoBleedingEdge/etc'
Using monoOptions --debugger-agent=transport=dt_socket,embedding=1,server=y,suspend=n,address=127.0.0.1:56427
Begin MonoManager ReloadAssembly
Registering precompiled unity dll's ...
Register platform support module: /Applications/Unity/Hub/Editor/2020.3.10f1/Unity.app/Contents/PlaybackEngines/MacStandaloneSupport/UnityEditor.OSXStandalone.Extensions.dll
Registered in 0.000874 seconds.
Native extension for OSXStandalone target not found
Refreshing native plugins compatible for Editor in 272.89 ms, found 3 plugins.
Preloading 0 native plugins for Editor in 0.00 ms.
Mono: successfully reloaded assembly
- Completed reload, in  6.006 seconds
Platform modules already initialized, skipping
Registering precompiled user dll's ...
Registered in 0.275380 seconds.
Begin MonoManager ReloadAssembly
Native extension for OSXStandalone target not found
Refreshing native plugins compatible for Editor in 163.63 ms, found 3 plugins.
Preloading 0 native plugins for Editor in 0.00 ms.
Mono: successfully reloaded assembly
- Completed reload, in  6.224 seconds
Platform modules already initialized, skipping
========================================================================
Worker process is ready to serve import requests
Launching external process: /Applications/Unity/Hub/Editor/2020.3.10f1/Unity.app/Contents/Tools/UnityShaderCompiler
Launched and connected shader compiler UnityShaderCompiler after 0.04 seconds
Refreshing native plugins compatible for Editor in 1.21 ms, found 3 plugins.
Preloading 0 native plugins for Editor in 0.00 ms.
Unloading 3242 Unused Serialized files (Serialized files now loaded: 0)
System memory in use before: 203.4 MB.
System memory in use after: 203.5 MB.

Unloading 52 unused Assets to reduce memory usage. Loaded Objects now: 3799.
Total: 5.967893 ms (FindLiveObjects: 1.122024 ms CreateObjectMapping: 0.524193 ms MarkObjects: 4.029635 ms  DeleteObjects: 0.289778 ms)

========================================================================
Received Import Request.
  path: Assets
  artifactKey: Guid(00000000000000001000000000000000) Importer(815301076,1909f56bfc062723c751e8b465ee728b)
Start importing Assets using Guid(00000000000000001000000000000000) Importer(815301076,1909f56bfc062723c751e8b465ee728b)  -> (artifact id: '42d402b061de3733987d63b9cc3b64de') in 0.010511 seconds
  Import took 0.025071 seconds .

========================================================================
Received Import Request.
  Time since last request: 894.348959 seconds.
  path: Assets/2D Dev Sprites
  artifactKey: Guid(59179a31c49914563a8a1be5a8b3ad0c) Importer(815301076,1909f56bfc062723c751e8b465ee728b)
Start importing Assets/2D Dev Sprites using Guid(59179a31c49914563a8a1be5a8b3ad0c) Importer(815301076,1909f56bfc062723c751e8b465ee728b)  -> (artifact id: '016b2b454d11d110d98320e93fb8abda') in 0.011146 seconds
  Import took 0.059180 seconds .

========================================================================
Received Import Request.
  Time since last request: 7.276473 seconds.
  path: Assets/Sprites
  artifactKey: Guid(59179a31c49914563a8a1be5a8b3ad0c) Importer(815301076,1909f56bfc062723c751e8b465ee728b)
Start importing Assets/Sprites using Guid(59179a31c49914563a8a1be5a8b3ad0c) Importer(815301076,1909f56bfc062723c751e8b465ee728b)  -> (artifact id: '2109228f61c05d26a0f6b850e659a7fd') in 0.212792 seconds
  Import took 0.224910 seconds .

