Using pre-set license

 COMMAND LINE ARGUMENTS:
/Applications/Unity/Hub/Editor/2020.3.10f1/Unity.app/Contents/MacOS/Unity
-adb2
-batchMode
-noUpm
-name
AssetImportWorker2
-projectPath
/Volumes/miMAC/Docs/GitHub/2DPlantillaFSM/2D_FSM_2020
-logFile
Logs/AssetImportWorker2.log
-srvPort
52701
Successfully changed project path to: /Volumes/miMAC/Docs/GitHub/2DPlantillaFSM/2D_FSM_2020
/Volumes/miMAC/Docs/GitHub/2DPlantillaFSM/2D_FSM_2020
Using Asset Import Pipeline V2.
Refreshing native plugins compatible for Editor in 431.23 ms, found 3 plugins.
Preloading 0 native plugins for Editor in 0.00 ms.
Initialize engine version: 2020.3.10f1 (297d780c91bc)
[Subsystems] Discovering subsystems at path /Applications/Unity/Hub/Editor/2020.3.10f1/Unity.app/Contents/Resources/UnitySubsystems
[Subsystems] Discovering subsystems at path /Volumes/miMAC/Docs/GitHub/2DPlantillaFSM/2D_FSM_2020/Assets
GfxDevice: creating device client; threaded=0
2021-06-02 12:13:47.033 Unity[4423:369562] Color LCD preferred device: Intel(R) Iris(TM) Plus Graphics 640 (low power)
2021-06-02 12:13:47.034 Unity[4423:369562] Metal devices available: 1
2021-06-02 12:13:47.034 Unity[4423:369562] 0: Intel(R) Iris(TM) Plus Graphics 640 (low power)
2021-06-02 12:13:47.038 Unity[4423:369562] Using device Intel(R) Iris(TM) Plus Graphics 640 (low power)
Initializing Metal device caps: Intel(R) Iris(TM) Plus Graphics 640
Initialize mono
Mono path[0] = '/Applications/Unity/Hub/Editor/2020.3.10f1/Unity.app/Contents/Managed'
Mono path[1] = '/Applications/Unity/Hub/Editor/2020.3.10f1/Unity.app/Contents/MonoBleedingEdge/lib/mono/unityjit'
Mono config path = '/Applications/Unity/Hub/Editor/2020.3.10f1/Unity.app/Contents/MonoBleedingEdge/etc'
Using monoOptions --debugger-agent=transport=dt_socket,embedding=1,server=y,suspend=n,address=127.0.0.1:56423
Begin MonoManager ReloadAssembly
Registering precompiled unity dll's ...
Register platform support module: /Applications/Unity/Hub/Editor/2020.3.10f1/Unity.app/Contents/PlaybackEngines/MacStandaloneSupport/UnityEditor.OSXStandalone.Extensions.dll
Registered in 0.000815 seconds.
Native extension for OSXStandalone target not found
Refreshing native plugins compatible for Editor in 388.52 ms, found 3 plugins.
Preloading 0 native plugins for Editor in 0.00 ms.
Mono: successfully reloaded assembly
- Completed reload, in 10.452 seconds
Platform modules already initialized, skipping
Registering precompiled user dll's ...
Registered in 0.568989 seconds.
Begin MonoManager ReloadAssembly
